<?xml version="1.0" encoding="UTF-8"?>
<!-- Generated by org.testng.reporters.JUnitXMLReporter -->
<testsuite hostname="OlegOleks" name="P2 Test" tests="3" failures="0" timestamp="10 May 2015 04:41:58 GMT" time="5.374" errors="0">
  <testcase name="loadPage" time="1.554" classname="com.facebook.tests.Login_Test"/>
  <testcase name="filloutEmailField" time="0.302" classname="com.facebook.tests.Login_Test"/>
  <testcase name="filloutPassField" time="0.195" classname="com.facebook.tests.Login_Test"/>
</testsuite> <!-- P2 Test -->
