<?xml version="1.0" encoding="UTF-8"?>
<!-- Generated by org.testng.reporters.JUnitXMLReporter -->
<testsuite hostname="OlegOleks" name="Default test" tests="3" failures="0" timestamp="9 May 2015 22:19:22 GMT" time="7.395" errors="0">
  <testcase name="loadPage" time="2.638" classname="com.facebook.tests.Login_Test"/>
  <testcase name="filloutEmailField" time="0.336" classname="com.facebook.tests.Login_Test"/>
  <testcase name="filloutPassField" time="0.211" classname="com.facebook.tests.Login_Test"/>
</testsuite> <!-- Default test -->
