<?xml version="1.0" encoding="UTF-8"?>
<testng-results skipped="0" failed="0" total="4" passed="4">
  <reporter-output>
  </reporter-output>
  <suite name="Login Tests" duration-ms="11366" started-at="2015-05-10T04:41:47Z" finished-at="2015-05-10T04:41:58Z">
    <groups>
      <group name="p1">
        <method signature="Login_Test.loadPage()[pri:0, instance:com.facebook.tests.Login_Test@71c7db30]" name="loadPage" class="com.facebook.tests.Login_Test"/>
        <method signature="Login_Test.loadPage()[pri:0, instance:com.facebook.tests.Login_Test@2133c8f8]" name="loadPage" class="com.facebook.tests.Login_Test"/>
      </group> <!-- p1 -->
      <group name="p2">
        <method signature="Login_Test.filloutEmailField()[pri:0, instance:com.facebook.tests.Login_Test@2133c8f8]" name="filloutEmailField" class="com.facebook.tests.Login_Test"/>
        <method signature="Login_Test.filloutPassField()[pri:0, instance:com.facebook.tests.Login_Test@2133c8f8]" name="filloutPassField" class="com.facebook.tests.Login_Test"/>
      </group> <!-- p2 -->
      <group name="field">
        <method signature="Login_Test.filloutEmailField()[pri:0, instance:com.facebook.tests.Login_Test@2133c8f8]" name="filloutEmailField" class="com.facebook.tests.Login_Test"/>
        <method signature="Login_Test.filloutPassField()[pri:0, instance:com.facebook.tests.Login_Test@2133c8f8]" name="filloutPassField" class="com.facebook.tests.Login_Test"/>
      </group> <!-- field -->
      <group name="pageLoads">
        <method signature="Login_Test.loadPage()[pri:0, instance:com.facebook.tests.Login_Test@71c7db30]" name="loadPage" class="com.facebook.tests.Login_Test"/>
        <method signature="Login_Test.loadPage()[pri:0, instance:com.facebook.tests.Login_Test@2133c8f8]" name="loadPage" class="com.facebook.tests.Login_Test"/>
      </group> <!-- pageLoads -->
    </groups>
    <test name="P1 Test" duration-ms="5966" started-at="2015-05-10T04:41:47Z" finished-at="2015-05-10T04:41:53Z">
      <class name="com.facebook.tests.Login_Test">
        <test-method status="PASS" signature="setup()[pri:0, instance:com.facebook.tests.Login_Test@71c7db30]" name="setup" is-config="true" duration-ms="4094" started-at="2015-05-09T21:41:47Z" finished-at="2015-05-09T21:41:51Z">
          <reporter-output>
          </reporter-output>
        </test-method> <!-- setup -->
        <test-method status="PASS" signature="loadPage()[pri:0, instance:com.facebook.tests.Login_Test@71c7db30]" name="loadPage" duration-ms="1705" started-at="2015-05-09T21:41:51Z" finished-at="2015-05-09T21:41:53Z">
          <reporter-output>
          </reporter-output>
        </test-method> <!-- loadPage -->
        <test-method status="PASS" signature="teardown()[pri:0, instance:com.facebook.tests.Login_Test@71c7db30]" name="teardown" is-config="true" duration-ms="152" started-at="2015-05-09T21:41:53Z" finished-at="2015-05-09T21:41:53Z">
          <reporter-output>
          </reporter-output>
        </test-method> <!-- teardown -->
      </class> <!-- com.facebook.tests.Login_Test -->
    </test> <!-- P1 Test -->
    <test name="P2 Test" duration-ms="5374" started-at="2015-05-10T04:41:53Z" finished-at="2015-05-10T04:41:58Z">
      <class name="com.facebook.tests.Login_Test">
        <test-method status="PASS" signature="setup()[pri:0, instance:com.facebook.tests.Login_Test@2133c8f8]" name="setup" is-config="true" duration-ms="3161" started-at="2015-05-09T21:41:53Z" finished-at="2015-05-09T21:41:56Z">
          <reporter-output>
          </reporter-output>
        </test-method> <!-- setup -->
        <test-method status="PASS" signature="loadPage()[pri:0, instance:com.facebook.tests.Login_Test@2133c8f8]" name="loadPage" duration-ms="1554" started-at="2015-05-09T21:41:56Z" finished-at="2015-05-09T21:41:58Z">
          <reporter-output>
          </reporter-output>
        </test-method> <!-- loadPage -->
        <test-method status="PASS" signature="filloutEmailField()[pri:0, instance:com.facebook.tests.Login_Test@2133c8f8]" name="filloutEmailField" duration-ms="302" started-at="2015-05-09T21:41:58Z" depends-on-methods="com.facebook.tests.Login_Test.loadPage" finished-at="2015-05-09T21:41:58Z">
          <reporter-output>
          </reporter-output>
        </test-method> <!-- filloutEmailField -->
        <test-method status="PASS" signature="filloutPassField()[pri:0, instance:com.facebook.tests.Login_Test@2133c8f8]" name="filloutPassField" duration-ms="195" started-at="2015-05-09T21:41:58Z" depends-on-methods="com.facebook.tests.Login_Test.filloutEmailField" finished-at="2015-05-09T21:41:58Z">
          <reporter-output>
          </reporter-output>
        </test-method> <!-- filloutPassField -->
        <test-method status="PASS" signature="teardown()[pri:0, instance:com.facebook.tests.Login_Test@2133c8f8]" name="teardown" is-config="true" duration-ms="157" started-at="2015-05-09T21:41:58Z" finished-at="2015-05-09T21:41:58Z">
          <reporter-output>
          </reporter-output>
        </test-method> <!-- teardown -->
      </class> <!-- com.facebook.tests.Login_Test -->
    </test> <!-- P2 Test -->
  </suite> <!-- Login Tests -->
</testng-results>
